\BOOKMARK [0][-]{chapter*.2}{\376\377\000P\000r\000e\000f\000a\000c\000e}{}% 1
\BOOKMARK [0][-]{chapter.1}{\376\377\000A\000\040\000h\000a\000n\000d\000s\000\040\000o\000n\000\040\000i\000n\000t\000r\000o\000d\000u\000c\000t\000i\000o\000n\000\040\000t\000o\000\040\000R\000\040\000t\000u\000t\000o\000r\000i\000a\000l}{}% 2
\BOOKMARK [1][-]{section.1.1}{\376\377\000I\000n\000t\000r\000o\000d\000u\000c\000t\000i\000o\000n}{chapter.1}% 3
\BOOKMARK [1][-]{section.1.2}{\376\377\000I\000n\000t\000r\000o\000d\000u\000c\000t\000i\000o\000n\000\040\000t\000o\000\040\000R\000S\000t\000u\000d\000i\000o}{chapter.1}% 4
\BOOKMARK [1][-]{section.1.3}{\376\377\000A\000\040\000f\000i\000r\000s\000t\000\040\000s\000e\000s\000s\000i\000o\000n\000\040\000i\000n\000\040\000R\000S\000t\000u\000d\000i\000o}{chapter.1}% 5
\BOOKMARK [1][-]{section.1.4}{\376\377\000T\000y\000p\000e\000s\000\040\000a\000n\000d\000\040\000c\000l\000a\000s\000s\000e\000s\000\040\000o\000f\000\040\000o\000b\000j\000e\000c\000t\000s}{chapter.1}% 6
\BOOKMARK [1][-]{section.1.5}{\376\377\000S\000u\000b\000s\000e\000t\000t\000i\000n\000g\000\040\000d\000a\000t\000a}{chapter.1}% 7
\BOOKMARK [1][-]{section.1.6}{\376\377\000M\000a\000t\000h\000e\000m\000a\000t\000i\000c\000a\000l\000\040\000f\000u\000n\000c\000t\000i\000o\000n\000s\000\040\000a\000n\000d\000\040\000s\000i\000m\000p\000l\000e\000\040\000d\000a\000t\000a\000\040\000c\000a\000l\000c\000u\000l\000a\000t\000i\000o\000n\000s}{chapter.1}% 8
\BOOKMARK [1][-]{section.1.7}{\376\377\000I\000m\000p\000o\000r\000t\000i\000n\000g\000\040\000a\000n\000d\000\040\000e\000x\000p\000o\000r\000t\000i\000n\000g\000\040\000d\000a\000t\000a}{chapter.1}% 9
\BOOKMARK [1][-]{section.1.8}{\376\377\000G\000r\000a\000p\000h\000i\000c\000s}{chapter.1}% 10
\BOOKMARK [1][-]{section.1.9}{\376\377\000E\000x\000t\000e\000n\000d\000i\000n\000g\000\040\000b\000a\000s\000i\000c\000\040\000c\000a\000p\000a\000b\000i\000l\000i\000t\000i\000e\000s\000\040\000v\000i\000a\000\040\000p\000a\000c\000k\000a\000g\000e\000s}{chapter.1}% 11
\BOOKMARK [1][-]{section.1.10}{\376\377\000L\000i\000n\000e\000a\000r\000\040\000r\000e\000g\000r\000e\000s\000s\000i\000o\000n}{chapter.1}% 12
\BOOKMARK [1][-]{section.1.11}{\376\377\000S\000o\000m\000e\000\040\000a\000d\000v\000a\000n\000c\000e\000d\000\040\000c\000a\000p\000a\000b\000i\000l\000i\000t\000i\000e\000s\000\040\000o\000f\000\040\000R}{chapter.1}% 13
\BOOKMARK [1][-]{section.1.12}{\376\377\000W\000r\000a\000p\000\040\000u\000p}{chapter.1}% 14
\BOOKMARK [0][-]{chapter.2}{\376\377\000a\000n\000a\000l\000y\000s\000e\000\040\000s\000i\000m\000u\000l\000a\000t\000e\000d\000\040\000d\000a\000t\000a\000\040\000s\000e\000t}{}% 15
\BOOKMARK [1][-]{section.2.1}{\376\377\000L\000a\000u\000r\000a\000\040\000t\000o\000\040\000p\000r\000e\000p\000a\000r\000e}{chapter.2}% 16
\BOOKMARK [0][-]{chapter.3}{\376\377\000P\000r\000o\000b\000l\000e\000m\000\040\000d\000a\000t\000a\000s\000e\000t\000s}{}% 17
\BOOKMARK [1][-]{section.3.1}{\376\377\000L\000e\000n\000\040\000t\000o\000\040\000p\000r\000e\000p\000a\000r\000e}{chapter.3}% 18
\BOOKMARK [0][-]{chapter.4}{\376\377\000C\000r\000e\000a\000t\000i\000n\000g\000\040\000d\000i\000s\000t\000a\000n\000c\000e\000\040\000s\000a\000m\000p\000l\000i\000n\000g\000\040\000s\000i\000m\000u\000l\000a\000t\000i\000o\000n\000s\000\040\000u\000s\000i\000n\000g\000\040\000D\000S\000s\000i\000m}{}% 19
\BOOKMARK [1][-]{section.4.1}{\376\377\000A\000i\000m}{chapter.4}% 20
\BOOKMARK [1][-]{section.4.2}{\376\377\000C\000r\000e\000a\000t\000e\000\040\000a\000\040\000r\000e\000g\000i\000o\000n\000\040\000o\000b\000j\000e\000c\000t}{chapter.4}% 21
\BOOKMARK [1][-]{section.4.3}{\376\377\000C\000r\000e\000a\000t\000e\000\040\000a\000\040\000d\000e\000n\000s\000i\000t\000y\000\040\000o\000b\000j\000e\000c\000t}{chapter.4}% 22
\BOOKMARK [1][-]{section.4.4}{\376\377\000C\000r\000e\000a\000t\000i\000n\000g\000\040\000p\000o\000p\000u\000l\000a\000t\000i\000o\000n\000\040\000d\000e\000s\000c\000r\000i\000p\000t\000i\000o\000n\000\040\000a\000n\000d\000\040\000d\000e\000t\000e\000c\000t\000a\000b\000i\000l\000i\000t\000y\000\040\000o\000b\000j\000e\000c\000t\000s}{chapter.4}% 23
\BOOKMARK [1][-]{section.4.5}{\376\377\000C\000r\000e\000a\000t\000i\000n\000g\000\040\000t\000h\000e\000\040\000s\000u\000r\000v\000e\000y\000\040\000d\000e\000s\000i\000g\000n\000\040\000o\000b\000j\000e\000c\000t}{chapter.4}% 24
\BOOKMARK [1][-]{section.4.6}{\376\377\000C\000r\000e\000a\000t\000i\000n\000g\000\040\000t\000h\000e\000\040\000a\000n\000a\000l\000y\000s\000e\000s\000\040\000o\000b\000j\000e\000c\000t}{chapter.4}% 25
\BOOKMARK [1][-]{section.4.7}{\376\377\000C\000r\000e\000a\000t\000i\000n\000g\000\040\000t\000h\000e\000\040\000s\000i\000m\000u\000l\000a\000t\000i\000o\000n\000\040\000o\000b\000j\000e\000c\000t}{chapter.4}% 26
\BOOKMARK [1][-]{section.4.8}{\376\377\000N\000o\000w\000\040\000f\000o\000r\000\040\000t\000h\000e\000\040\000a\000u\000t\000o\000m\000a\000t\000e\000d\000\040\000d\000e\000s\000i\000g\000n\000s\000:\000\040\000P\000a\000r\000a\000l\000l\000e\000l\000\040\000l\000i\000n\000e\000s}{chapter.4}% 27
\BOOKMARK [1][-]{section.4.9}{\376\377\000R\000e\000s\000u\000l\000t\000s\000\040\000f\000r\000o\000m\000\040\0009\0009\0009\000\040\000r\000e\000p\000e\000t\000i\000t\000i\000o\000n\000s}{chapter.4}% 28
\BOOKMARK [1][-]{section.4.10}{\376\377\000R\000u\000n\000n\000i\000n\000g\000\040\000d\000i\000s\000t\000a\000n\000c\000e\000\040\000s\000a\000m\000p\000l\000i\000n\000g\000\040\000s\000i\000m\000u\000l\000a\000t\000i\000o\000n\000s\000\040\000u\000s\000i\000n\000g\000\040\000D\000i\000s\000t\000a\000n\000c\000e\000\040\0007\000.\0001}{chapter.4}% 29
\BOOKMARK [1][-]{section.4.11}{\376\377\000C\000r\000e\000a\000t\000i\000n\000g\000\040\000s\000i\000m\000u\000l\000a\000t\000i\000o\000n\000s\000\040\000i\000n\000\040\000D\000i\000s\000t\000a\000n\000c\000e}{chapter.4}% 30
\BOOKMARK [0][-]{chapter.5}{\376\377\000P\000r\000e\000p\000a\000r\000i\000n\000g\000\040\000s\000u\000r\000v\000e\000y\000\040\000d\000a\000t\000a\000\040\000f\000o\000r\000\040\000s\000p\000a\000t\000i\000a\000l\000\040\000a\000n\000a\000l\000y\000s\000i\000s}{}% 31
\BOOKMARK [1][-]{section.5.1}{\376\377\000A\000i\000m\000s}{chapter.5}% 32
\BOOKMARK [1][-]{section.5.2}{\376\377\000P\000r\000e\000a\000m\000b\000l\000e}{chapter.5}% 33
\BOOKMARK [1][-]{section.5.3}{\376\377\000L\000o\000a\000d\000\040\000a\000n\000d\000\040\000a\000r\000r\000a\000n\000g\000e\000\040\000d\000a\000t\000a}{chapter.5}% 34
\BOOKMARK [1][-]{section.5.4}{\376\377\000S\000a\000v\000e\000\040\000t\000h\000e\000\040\000d\000a\000t\000a}{chapter.5}% 35
\BOOKMARK [0][-]{chapter.6}{\376\377\000D\000e\000t\000e\000c\000t\000i\000o\000n\000\040\000f\000u\000n\000c\000t\000i\000o\000n\000\040\000f\000i\000t\000t\000i\000n\000g}{}% 36
\BOOKMARK [1][-]{section.6.1}{\376\377\000A\000i\000m\000s}{chapter.6}% 37
\BOOKMARK [1][-]{section.6.2}{\376\377\000P\000r\000e\000a\000m\000b\000l\000e}{chapter.6}% 38
\BOOKMARK [1][-]{section.6.3}{\376\377\000L\000o\000a\000d\000\040\000t\000h\000e\000\040\000d\000a\000t\000a}{chapter.6}% 39
\BOOKMARK [1][-]{section.6.4}{\376\377\000E\000x\000p\000l\000o\000r\000a\000t\000o\000r\000y\000\040\000a\000n\000a\000l\000y\000s\000i\000s}{chapter.6}% 40
\BOOKMARK [1][-]{section.6.5}{\376\377\000F\000i\000t\000t\000i\000n\000g\000\040\000d\000e\000t\000e\000c\000t\000i\000o\000n\000\040\000f\000u\000n\000c\000t\000i\000o\000n\000s}{chapter.6}% 41
\BOOKMARK [1][-]{section.6.6}{\376\377\000N\000o\000w\000\040\000y\000o\000u\000\040\000t\000r\000y\040\046}{chapter.6}% 42
\BOOKMARK [1][-]{section.6.7}{\376\377\000M\000o\000d\000e\000l\000\040\000s\000e\000l\000e\000c\000t\000i\000o\000n}{chapter.6}% 43
\BOOKMARK [0][-]{chapter.7}{\376\377\000S\000i\000m\000p\000l\000e\000\040\000d\000e\000n\000s\000i\000t\000y\000\040\000s\000u\000r\000f\000a\000c\000e\000\040\000m\000o\000d\000e\000l\000s}{}% 44
\BOOKMARK [1][-]{section.7.1}{\376\377\000A\000i\000m\000s}{chapter.7}% 45
\BOOKMARK [1][-]{section.7.2}{\376\377\000L\000o\000a\000d\000\040\000t\000h\000e\000\040\000p\000a\000c\000k\000a\000g\000e\000s\000\040\000a\000n\000d\000\040\000d\000a\000t\000a}{chapter.7}% 46
\BOOKMARK [1][-]{section.7.3}{\376\377\000P\000r\000e\000-\000m\000o\000d\000e\000l\000\040\000f\000i\000t\000t\000i\000n\000g}{chapter.7}% 47
\BOOKMARK [1][-]{section.7.4}{\376\377\000F\000i\000t\000t\000i\000n\000g\000\040\000D\000S\000M\000s}{chapter.7}% 48
\BOOKMARK [1][-]{section.7.5}{\376\377\000E\000s\000t\000i\000m\000a\000t\000e\000d\000\040\000a\000b\000u\000n\000d\000a\000n\000c\000e\000\040\000a\000s\000\040\000r\000e\000s\000p\000o\000n\000s\000e}{chapter.7}% 49
\BOOKMARK [1][-]{section.7.6}{\376\377\000U\000n\000i\000v\000a\000r\000i\000a\000t\000e\000\040\000m\000o\000d\000e\000l\000s}{chapter.7}% 50
\BOOKMARK [1][-]{section.7.7}{\376\377\000T\000w\000e\000e\000d\000i\000e\000\040\000r\000e\000s\000p\000o\000n\000s\000e\000\040\000d\000i\000s\000t\000r\000i\000b\000u\000t\000i\000o\000n}{chapter.7}% 51
\BOOKMARK [1][-]{section.7.8}{\376\377\000S\000a\000v\000e\000\040\000m\000o\000d\000e\000l\000s}{chapter.7}% 52
\BOOKMARK [1][-]{section.7.9}{\376\377\000E\000x\000t\000r\000a\000\040\000c\000r\000e\000d\000i\000t}{chapter.7}% 53
\BOOKMARK [0][-]{chapter.8}{\376\377\000A\000d\000v\000a\000n\000c\000e\000d\000\040\000d\000e\000n\000s\000i\000t\000y\000\040\000s\000u\000r\000f\000a\000c\000e\000\040\000m\000o\000d\000e\000l\000s}{}% 54
\BOOKMARK [1][-]{section.8.1}{\376\377\000A\000i\000m\000s}{chapter.8}% 55
\BOOKMARK [1][-]{section.8.2}{\376\377\000L\000o\000a\000d\000\040\000d\000a\000t\000a\000\040\000a\000n\000d\000\040\000p\000a\000c\000k\000a\000g\000e\000s}{chapter.8}% 56
\BOOKMARK [1][-]{section.8.3}{\376\377\000E\000x\000p\000l\000o\000r\000a\000t\000o\000r\000y\000\040\000a\000n\000a\000l\000y\000s\000i\000s}{chapter.8}% 57
\BOOKMARK [1][-]{section.8.4}{\376\377\000P\000r\000e\000-\000m\000o\000d\000e\000l\000\040\000f\000i\000t\000t\000i\000n\000g}{chapter.8}% 58
\BOOKMARK [1][-]{section.8.5}{\376\377\000O\000u\000r\000\040\000n\000e\000w\000\040\000f\000r\000i\000e\000n\000d\000\040\000+}{chapter.8}% 59
\BOOKMARK [1][-]{section.8.6}{\376\377\000E\000s\000t\000i\000m\000a\000t\000e\000d\000\040\000a\000b\000u\000n\000d\000a\000n\000c\000e\000\040\000a\000s\000\040\000a\000\040\000r\000e\000s\000p\000o\000n\000s\000e}{chapter.8}% 60
\BOOKMARK [1][-]{section.8.7}{\376\377\000C\000o\000n\000c\000u\000r\000v\000i\000t\000y}{chapter.8}% 61
\BOOKMARK [1][-]{section.8.8}{\376\377\000S\000e\000n\000s\000i\000t\000i\000v\000i\000t\000y}{chapter.8}% 62
\BOOKMARK [1][-]{section.8.9}{\376\377\000C\000o\000m\000p\000a\000r\000i\000n\000g\000\040\000m\000o\000d\000e\000l\000s}{chapter.8}% 63
\BOOKMARK [1][-]{section.8.10}{\376\377\000S\000a\000v\000i\000n\000g\000\040\000m\000o\000d\000e\000l\000s}{chapter.8}% 64
\BOOKMARK [0][-]{chapter.9}{\376\377\000P\000r\000e\000d\000i\000c\000t\000i\000o\000n\000\040\000u\000s\000i\000n\000g\000\040\000f\000i\000t\000t\000e\000d\000\040\000d\000e\000n\000s\000i\000t\000y\000\040\000s\000u\000r\000f\000a\000c\000e\000\040\000m\000o\000d\000e\000l\000s}{}% 65
\BOOKMARK [1][-]{section.9.1}{\376\377\000A\000i\000m\000s}{chapter.9}% 66
\BOOKMARK [1][-]{section.9.2}{\376\377\000L\000o\000a\000d\000i\000n\000g\000\040\000t\000h\000e\000\040\000p\000a\000c\000k\000a\000g\000e\000s\000\040\000a\000n\000d\000\040\000d\000a\000t\000a}{chapter.9}% 67
\BOOKMARK [1][-]{section.9.3}{\376\377\000L\000o\000a\000d\000i\000n\000g\000\040\000p\000r\000e\000d\000i\000c\000t\000i\000o\000n\000\040\000d\000a\000t\000a}{chapter.9}% 68
\BOOKMARK [1][-]{section.9.4}{\376\377\000S\000a\000v\000e\000\040\000t\000h\000e\000\040\000p\000r\000e\000d\000i\000c\000t\000i\000o\000n\000\040\000t\000o\000\040\000a\000\040\000r\000a\000s\000t\000e\000r}{chapter.9}% 69
\BOOKMARK [1][-]{section.9.5}{\376\377\000S\000a\000v\000e\000\040\000p\000r\000e\000d\000i\000c\000t\000i\000o\000n\000\040\000g\000r\000i\000d\000\040\000t\000o\000\040\000R\000D\000a\000t\000a}{chapter.9}% 70
\BOOKMARK [1][-]{section.9.6}{\376\377\000E\000x\000t\000r\000a\000\040\000c\000r\000e\000d\000i\000t}{chapter.9}% 71
\BOOKMARK [0][-]{chapter.10}{\376\377\000E\000s\000t\000i\000m\000a\000t\000i\000n\000g\000\040\000p\000r\000e\000c\000i\000s\000i\000o\000n\000\040\000o\000f\000\040\000p\000r\000e\000d\000i\000c\000t\000i\000o\000n\000s\000\040\000f\000r\000o\000m\000\040\000d\000e\000n\000s\000i\000t\000y\000\040\000s\000u\000r\000f\000a\000c\000e\000\040\000m\000o\000d\000e\000l\000s}{}% 72
\BOOKMARK [1][-]{section.10.1}{\376\377\000A\000i\000m\000s}{chapter.10}% 73
\BOOKMARK [1][-]{section.10.2}{\376\377\000L\000o\000a\000d\000\040\000p\000a\000c\000k\000a\000g\000e\000s\000\040\000a\000n\000d\000\040\000d\000a\000t\000a}{chapter.10}% 74
\BOOKMARK [1][-]{section.10.3}{\376\377\000E\000s\000t\000i\000m\000a\000t\000i\000o\000n\000\040\000o\000f\000\040\000v\000a\000r\000i\000a\000n\000c\000e}{chapter.10}% 75
\BOOKMARK [1][-]{section.10.4}{\376\377\000S\000u\000m\000m\000a\000r\000i\000s\000e\000\040\000m\000u\000l\000t\000i\000p\000l\000e\000\040\000m\000o\000d\000e\000l\000s}{chapter.10}% 76
\BOOKMARK [1][-]{section.10.5}{\376\377\000P\000l\000o\000t\000t\000i\000n\000g}{chapter.10}% 77
\BOOKMARK [1][-]{section.10.6}{\376\377\000S\000a\000v\000e\000\040\000t\000h\000e\000\040\000u\000n\000c\000e\000r\000t\000a\000i\000n\000t\000y\000\040\000m\000a\000p\000s\000\040\000t\000o\000\040\000r\000a\000s\000t\000e\000r\000\040\000f\000i\000l\000e\000s}{chapter.10}% 78
\BOOKMARK [1][-]{section.10.7}{\376\377\000E\000x\000t\000r\000a\000\040\000c\000r\000e\000d\000i\000t}{chapter.10}% 79
\BOOKMARK [0][-]{chapter.11}{\376\377\000M\000a\000r\000k\000-\000r\000e\000c\000a\000p\000t\000u\000r\000e\000\040\000d\000i\000s\000t\000a\000n\000c\000e\000\040\000s\000a\000m\000p\000l\000i\000n\000g\000\040\000o\000f\000\040\000g\000o\000l\000f\000t\000e\000e\000s}{}% 80
\BOOKMARK [1][-]{section.11.1}{\376\377\000G\000o\000l\000f\000\040\000t\000e\000e\000\040\000s\000u\000r\000v\000e\000y}{chapter.11}% 81
\BOOKMARK [1][-]{section.11.2}{\376\377\000C\000r\000a\000b\000e\000a\000t\000e\000r\000\040\000s\000e\000a\000l\000\040\000s\000u\000r\000v\000e\000y}{chapter.11}% 82
\BOOKMARK [0][-]{chapter*.3}{\376\377\000R\000e\000f\000e\000r\000e\000n\000c\000e\000s}{}% 83
